21.04.16 17:53:37 DEBUG [o.a.m.s.HAWK                  ] 28 - <org.aksw.mlqa.systems.HAWK@6a5fc7f7: What is the capital of Germany?>
21.04.16 17:53:40 DEBUG [o.a.m.s.SystemsTest           ] 23 - <Answers: 1>
21.04.16 17:53:40 DEBUG [o.a.m.s.QAKIS                 ] 31 - <org.aksw.mlqa.systems.QAKIS@5e25a92e: What is the capital of Germany?>
21.04.16 17:53:47 DEBUG [o.a.m.s.SystemsTest           ] 23 - <Answers: 1>
21.04.16 17:53:47 DEBUG [o.a.m.s.SINA                  ] 27 - <org.aksw.mlqa.systems.SINA@6973bf95: What is the capital of Germany?>
21.04.16 17:54:03 DEBUG [o.a.m.s.HAWK                  ] 28 - <org.aksw.mlqa.systems.HAWK@6a5fc7f7: What is the capital of Germany?>
21.04.16 17:54:06 DEBUG [o.a.m.s.SystemsTest           ] 23 - <Answers: [http://dbpedia.org/resource/Atlas_Werke]>
21.04.16 17:54:06 DEBUG [o.a.m.s.QAKIS                 ] 31 - <org.aksw.mlqa.systems.QAKIS@5e25a92e: What is the capital of Germany?>
21.04.16 17:54:10 DEBUG [o.a.m.s.SystemsTest           ] 23 - <Answers: [http://dbpedia.org/resource/Berlin]>
21.04.16 17:54:10 DEBUG [o.a.m.s.SINA                  ] 27 - <org.aksw.mlqa.systems.SINA@6973bf95: What is the capital of Germany?>
21.04.16 17:55:02 DEBUG [o.a.m.s.SystemsTest           ] 23 - <Answers: []>
21.04.16 17:55:02 DEBUG [o.a.m.s.YODA                  ] 31 - <org.aksw.mlqa.systems.YODA@33afa13b: What is the capital of Germany?>
21.04.16 17:55:12 DEBUG [o.a.m.s.SystemsTest           ] 23 - <Answers: [Berlin]>
21.04.16 17:55:39 DEBUG [o.a.m.s.HAWK                  ] 28 - <org.aksw.mlqa.systems.HAWK@6a5fc7f7: Who wrote enders Game?>
21.04.16 17:56:38 DEBUG [o.a.m.s.SystemsTest           ] 23 - <Answers: []>
21.04.16 17:56:38 DEBUG [o.a.m.s.QAKIS                 ] 31 - <org.aksw.mlqa.systems.QAKIS@3e77a1ed: Who wrote enders Game?>
21.04.16 17:56:43 DEBUG [o.a.m.s.SystemsTest           ] 23 - <Answers: [http://dbpedia.org/resource/Murray_Gold]>
21.04.16 17:56:43 DEBUG [o.a.m.s.SINA                  ] 27 - <org.aksw.mlqa.systems.SINA@56a6d5a6: Who wrote enders Game?>
21.04.16 18:01:24 DEBUG [o.a.m.s.SystemsTest           ] 23 - <Answers: []>
21.04.16 18:01:24 DEBUG [o.a.m.s.YODA                  ] 31 - <org.aksw.mlqa.systems.YODA@25d250c6: Who wrote enders Game?>
21.04.16 18:01:42 DEBUG [o.a.m.s.SystemsTest           ] 23 - <Answers: [Orson Scott Card, Card]>
21.04.16 19:49:24 DEBUG [o.a.m.s.HAWK                  ] 28 - <org.aksw.mlqa.systems.HAWK@6a5fc7f7: What is the capital of Germany?>
21.04.16 19:49:56 DEBUG [o.a.m.s.SystemsTest           ] 23 - <Answers: [http://dbpedia.org/resource/Atlas_Werke]>
21.04.16 19:49:56 DEBUG [o.a.m.s.QAKIS                 ] 31 - <org.aksw.mlqa.systems.QAKIS@b59d31: What is the capital of Germany?>
21.04.16 19:50:04 DEBUG [o.a.m.s.SystemsTest           ] 23 - <Answers: [http://dbpedia.org/resource/Berlin]>
21.04.16 19:50:04 DEBUG [o.a.m.s.SINA                  ] 27 - <org.aksw.mlqa.systems.SINA@229d10bd: What is the capital of Germany?>
21.04.16 19:50:44 DEBUG [o.a.m.s.SystemsTest           ] 23 - <Answers: []>
21.04.16 19:50:44 DEBUG [o.a.m.s.YODA                  ] 31 - <org.aksw.mlqa.systems.YODA@309e345f: What is the capital of Germany?>
21.04.16 19:50:55 DEBUG [o.a.m.s.SystemsTest           ] 23 - <Answers: [Berlin]>
22.04.16 10:37:53 DEBUG [o.a.m.s.HAWK                  ] 28 - <org.aksw.mlqa.systems.HAWK@6a5fc7f7: What is the capital of Germany?>
22.04.16 10:37:56 DEBUG [o.a.m.s.SystemsTest           ] 23 - <Answers: [http://dbpedia.org/resource/Atlas_Werke]>
22.04.16 10:37:56 DEBUG [o.a.m.s.QAKIS                 ] 31 - <org.aksw.mlqa.systems.QAKIS@5e25a92e: What is the capital of Germany?>
22.04.16 10:38:05 DEBUG [o.a.m.s.SystemsTest           ] 23 - <Answers: [http://dbpedia.org/resource/Berlin]>
22.04.16 10:38:05 DEBUG [o.a.m.s.SINA                  ] 27 - <org.aksw.mlqa.systems.SINA@6973bf95: What is the capital of Germany?>
22.04.16 10:38:38 DEBUG [o.a.m.s.SystemsTest           ] 23 - <Answers: []>
22.04.16 10:38:38 DEBUG [o.a.m.s.YODA                  ] 31 - <org.aksw.mlqa.systems.YODA@33afa13b: What is the capital of Germany?>
22.04.16 10:38:45 DEBUG [o.a.m.s.SystemsTest           ] 23 - <Answers: [Berlin]>
22.04.16 11:34:14 INFO  [o.a.q.c.l.QALD_Loader         ] 89 - <Loading XML file [file:/home/micha/git/qa-datasets/target/classes/QALD-5/qald-5_test.xml].>
22.04.16 11:34:32 INFO  [o.a.q.c.l.QALD_Loader         ] 95 - <Loading JSON file [file:/home/micha/git/qa-datasets/target/classes/QALD-6/qald-6-train-multilingual.json].>
22.04.16 12:19:02 INFO  [o.a.q.c.l.QALD_Loader         ] 95 - <Loading JSON file [file:/home/micha/git/qa-datasets/target/classes/QALD-6/qald-6-train-multilingual.json].>
22.04.16 12:19:56 INFO  [o.a.q.c.l.QALD_Loader         ] 95 - <Loading JSON file [file:/home/micha/git/qa-datasets/target/classes/QALD-6/qald-6-train-multilingual.json].>
22.04.16 12:32:44 INFO  [o.a.q.c.l.QALD_Loader         ] 95 - <Loading JSON file [file:/home/micha/git/qa-datasets/target/classes/QALD-6/qald-6-train-multilingual.json].>
22.04.16 12:32:45 DEBUG [o.a.m.s.HAWK                  ] 29 - <org.aksw.mlqa.systems.HAWK@77f03bb1: Give me all cosmonauts.>
22.04.16 12:33:32 DEBUG [o.a.m.s.HAWK                  ] 29 - <org.aksw.mlqa.systems.HAWK@77f03bb1: Give me all cosmonauts.>
22.04.16 12:34:18 DEBUG [o.a.m.s.HAWK                  ] 29 - <org.aksw.mlqa.systems.HAWK@77f03bb1: Give me all cosmonauts.>
22.04.16 12:35:05 DEBUG [o.a.m.s.HAWK                  ] 29 - <org.aksw.mlqa.systems.HAWK@77f03bb1: Give me all cosmonauts.>
22.04.16 12:36:01 INFO  [o.a.q.c.l.QALD_Loader         ] 95 - <Loading JSON file [file:/home/micha/git/qa-datasets/target/classes/QALD-6/qald-6-train-multilingual.json].>
22.04.16 12:36:01 DEBUG [o.a.m.s.HAWK                  ] 29 - <org.aksw.mlqa.systems.HAWK@77f03bb1: Give me all cosmonauts.>
22.04.16 12:36:50 DEBUG [o.a.m.s.SINA                  ] 28 - <org.aksw.mlqa.systems.SINA@4bb4de6a: Give me all cosmonauts.>
22.04.16 12:36:56 DEBUG [o.a.m.s.QAKIS                 ] 32 - <org.aksw.mlqa.systems.QAKIS@7dc222ae: Give me all cosmonauts.>
22.04.16 12:37:02 DEBUG [o.a.m.s.YODA                  ] 32 - <org.aksw.mlqa.systems.YODA@fdefd3f: Give me all cosmonauts.>
22.04.16 12:37:15 DEBUG [o.a.m.e.RunProducer           ] 42 - <Just wrote: {"null":[a conspiracy theory alleging that Soviet cosmonauts entered outer space, but without their existence having been publicly],"answertype":"resource","goldanswers":[http://dbpedia.org/resource/Yury_Usachov, http://dbpedia.org/resource/Lev_Dyomin, http://dbpedia.org/resource/Anatoly_Solovyev, http://dbpedia.org/resource/Dmitri_Kondratyev, http://dbpedia.org/resource/Boris_Volynov, http://dbpedia.org/resource/Viktor_Patsayev, http://dbpedia.org/resource/Ivan_Anikeyev, http://dbpedia.org/resource/Sergei_Avdeyev, http://dbpedia.org/resource/Boris_Yegorov, http://dbpedia.org/resource/Sergei_Zalyotin, http://dbpedia.org/resource/Roman_Romanenko, http://dbpedia.org/resource/Yury_Lonchakov, http://dbpedia.org/resource/Gennady_Padalka, http://dbpedia.org/resource/Vitaly_Zholobov, http://dbpedia.org/resource/Yuri_Baturin, http://dbpedia.org/resource/Salizhan_Sharipov, http://dbpedia.org/resource/Anatoly_Artsebarsky, http://dbpedia.org/resource/Boris_Andreyev_(cosmonaut), http://dbpedia.org/resource/Grigori_Nelyubov, http://dbpedia.org/resource/Aleksei_Yeliseyev, http://dbpedia.org/resource/Yury_Onufriyenko, http://dbpedia.org/resource/Pavel_Belyayev, http://dbpedia.org/resource/Mikhail_Tyurin, http://dbpedia.org/resource/Talgat_Musabayev, http://dbpedia.org/resource/Vasily_Lazarev, http://dbpedia.org/resource/Leonid_Kizim, http://dbpedia.org/resource/Toktar_Aubakirov, http://dbpedia.org/resource/Valeri_Tokarev, http://dbpedia.org/resource/Nikolai_Budarin, http://dbpedia.org/resource/Vyacheslav_Zudov, http://dbpedia.org/resource/Oleg_Atkov, http://dbpedia.org/resource/Anatoly_Filipchenko, http://dbpedia.org/resource/Yelena_Serova, http://dbpedia.org/resource/Nikolai_Tikhonov_(cosmonaut), http://dbpedia.org/resource/Vladimir_Dezhurov, http://dbpedia.org/resource/Vladimir_Kovalyonok, http://dbpedia.org/resource/Yelena_Kondakova, http://dbpedia.org/resource/Evgeny_Tarelkin, http://dbpedia.org/resource/Gherman_Titov, http://dbpedia.org/resource/Yury_Romanenko, http://dbpedia.org/resource/Mikhail_Korniyenko, http://dbpedia.org/resource/Aleksandr_Poleshchuk, http://dbpedia.org/resource/Aleksandr_Nikolayevich_Balandin, http://dbpedia.org/resource/Andrei_Borisenko, http://dbpedia.org/resource/Yury_Artyukhin, http://dbpedia.org/resource/Valery_Rozhdestvensky, http://dbpedia.org/resource/Valery_Korzun, http://dbpedia.org/resource/Yuri_Shargin, http://dbpedia.org/resource/Vladimir_Komarov, http://dbpedia.org/resource/Leonid_Popov, http://dbpedia.org/resource/Andriyan_Nikolayev, http://dbpedia.org/resource/Vladimir_Vasyutin, http://dbpedia.org/resource/Oleg_Artemyev, http://dbpedia.org/resource/Yuri_Gidzenko, http://dbpedia.org/resource/Aleksey_Ovchinin, http://dbpedia.org/resource/Aleksei_Gubarev, http://dbpedia.org/resource/Igor_Volk, http://dbpedia.org/resource/Valentin_Filatyev, http://dbpedia.org/resource/Sergei_Treshchov, http://dbpedia.org/resource/Nikolay_Rukavishnikov, http://dbpedia.org/resource/Sergei_Revin, http://dbpedia.org/resource/Pyotr_Klimuk, http://dbpedia.org/resource/Yevgeny_Khrunov, http://dbpedia.org/resource/Anatoly_Berezovoy, http://dbpedia.org/resource/Sergey_Ryazansky, http://dbpedia.org/resource/Aleksandr_Aleksandrovich_Skvortsov, http://dbpedia.org/resource/Aleksandr_Kaleri, http://dbpedia.org/resource/Anatoli_Ivanishin, http://dbpedia.org/resource/Aleksandr_Lazutkin, http://dbpedia.org/resource/Viktor_Gorbatko, http://dbpedia.org/resource/Aleksandr_Samokutyayev, http://dbpedia.org/resource/Viktor_Afanasyev_(cosmonaut), http://dbpedia.org/resource/Vladimir_Aksyonov, http://dbpedia.org/resource/Georgy_Dobrovolsky, http://dbpedia.org/resource/Aleksandr_Viktorenko, http://dbpedia.org/resource/Oleg_Kononenko, http://dbpedia.org/resource/Valery_Ryumin, http://dbpedia.org/resource/Vladimir_Solovyov_(cosmonaut), http://dbpedia.org/resource/Anatoli_Levchenko, http://dbpedia.org/resource/Mars_Rafikov, http://dbpedia.org/resource/Valeri_Kubasov, http://dbpedia.org/resource/Maksim_Surayev, http://dbpedia.org/resource/Anna_Kikina, http://dbpedia.org/resource/Boris_Morukov, http://dbpedia.org/resource/Pavel_Vinogradov, http://dbpedia.org/resource/Vasily_Tsibliyev, http://dbpedia.org/resource/Vladimir_Shatalov, http://dbpedia.org/resource/Anton_Shkaplerov, http://dbpedia.org/resource/Viktor_Savinykh, http://dbpedia.org/resource/Valery_Bykovsky, http://dbpedia.org/resource/Alexander_Misurkin, http://dbpedia.org/resource/Oleg_Kotov, http://dbpedia.org/resource/Yuri_Malenchenko, http://dbpedia.org/resource/Aleksandr_Ivanchenkov, http://dbpedia.org/resource/Aleksandr_Aleksandrovich_Volkov, http://dbpedia.org/resource/Yury_Vasilyevich_Malyshev, http://dbpedia.org/resource/Konstantin_Valkov, http://dbpedia.org/resource/Vladimir_Georgiyevich_Titov, http://dbpedia.org/resource/Fyodor_Yurchikhin, http://dbpedia.org/resource/Vladimir_Dzhanibekov, http://dbpedia.org/resource/Gennadi_Sarafanov, http://dbpedia.org/resource/Valentina_Tereshkova, http://dbpedia.org/resource/Yury_Glazkov, http://dbpedia.org/resource/Vladislav_Volkov, http://dbpedia.org/resource/Gennadi_Manakov, http://dbpedia.org/resource/Valentin_Lebedev, http://dbpedia.org/resource/Vitaly_Sevastyanov, http://dbpedia.org/resource/Georgy_Shonin, http://dbpedia.org/resource/Oleg_Grigoryevich_Makarov, http://dbpedia.org/resource/Oleg_Novitskiy, http://dbpedia.org/resource/Sergei_Krikalev, http://dbpedia.org/resource/Aleksandr_Pavlovich_Aleksandrov, http://dbpedia.org/resource/Oleg_Skripochka, http://dbpedia.org/resource/Aleksandr_Laveykin, http://dbpedia.org/resource/Sergey_Alexandrovich_Volkov, http://dbpedia.org/resource/Aleksandr_Serebrov, http://dbpedia.org/resource/Svetlana_Savitskaya, http://dbpedia.org/resource/Georgy_Grechko, http://dbpedia.org/resource/Gennadi_Strekalov, http://dbpedia.org/resource/Pavel_Popovich]}>
22.04.16 12:37:15 DEBUG [o.a.m.s.HAWK                  ] 29 - <org.aksw.mlqa.systems.HAWK@77f03bb1: In which country does the Ganges start?>
22.04.16 12:38:05 DEBUG [o.a.m.s.SINA                  ] 28 - <org.aksw.mlqa.systems.SINA@4bb4de6a: In which country does the Ganges start?>
22.04.16 12:41:00 DEBUG [o.a.m.s.QAKIS                 ] 32 - <org.aksw.mlqa.systems.QAKIS@7dc222ae: In which country does the Ganges start?>
22.04.16 12:41:04 DEBUG [o.a.m.s.YODA                  ] 32 - <org.aksw.mlqa.systems.YODA@fdefd3f: In which country does the Ganges start?>
22.04.16 12:41:27 DEBUG [o.a.m.e.RunProducer           ] 42 - <Just wrote: {"null":[Bangladesh, India],"answertype":"resource","goldanswers":[http://dbpedia.org/resource/India]}>
22.04.16 12:41:27 DEBUG [o.a.m.s.HAWK                  ] 29 - <org.aksw.mlqa.systems.HAWK@77f03bb1: When is the movie Worst Case Scenario going to be in cinemas in the Netherlands?>
22.04.16 12:44:41 INFO  [o.a.q.c.l.QALD_Loader         ] 95 - <Loading JSON file [file:/home/micha/git/qa-datasets/target/classes/QALD-6/qald-6-train-multilingual.json].>
22.04.16 12:44:41 DEBUG [o.a.m.s.HAWK                  ] 29 - <org.aksw.mlqa.systems.HAWK@77f03bb1: Give me all cosmonauts.>
22.04.16 12:45:31 DEBUG [o.a.m.s.SINA                  ] 27 - <org.aksw.mlqa.systems.SINA@4bb4de6a: Give me all cosmonauts.>
22.04.16 12:45:49 DEBUG [o.a.m.s.QAKIS                 ] 31 - <org.aksw.mlqa.systems.QAKIS@7dc222ae: Give me all cosmonauts.>
22.04.16 12:45:52 DEBUG [o.a.m.s.YODA                  ] 31 - <org.aksw.mlqa.systems.YODA@fdefd3f: Give me all cosmonauts.>
22.04.16 12:46:00 DEBUG [o.a.m.e.RunProducer           ] 42 - <Just wrote: {"qakis":[http://dbpedia.org/resource/Education_in_the_United_States],"answertype":"resource","goldanswers":[http://dbpedia.org/resource/Yury_Usachov, http://dbpedia.org/resource/Lev_Dyomin, http://dbpedia.org/resource/Anatoly_Solovyev, http://dbpedia.org/resource/Dmitri_Kondratyev, http://dbpedia.org/resource/Boris_Volynov, http://dbpedia.org/resource/Viktor_Patsayev, http://dbpedia.org/resource/Ivan_Anikeyev, http://dbpedia.org/resource/Sergei_Avdeyev, http://dbpedia.org/resource/Boris_Yegorov, http://dbpedia.org/resource/Sergei_Zalyotin, http://dbpedia.org/resource/Roman_Romanenko, http://dbpedia.org/resource/Yury_Lonchakov, http://dbpedia.org/resource/Gennady_Padalka, http://dbpedia.org/resource/Vitaly_Zholobov, http://dbpedia.org/resource/Yuri_Baturin, http://dbpedia.org/resource/Salizhan_Sharipov, http://dbpedia.org/resource/Anatoly_Artsebarsky, http://dbpedia.org/resource/Boris_Andreyev_(cosmonaut), http://dbpedia.org/resource/Grigori_Nelyubov, http://dbpedia.org/resource/Aleksei_Yeliseyev, http://dbpedia.org/resource/Yury_Onufriyenko, http://dbpedia.org/resource/Pavel_Belyayev, http://dbpedia.org/resource/Mikhail_Tyurin, http://dbpedia.org/resource/Talgat_Musabayev, http://dbpedia.org/resource/Vasily_Lazarev, http://dbpedia.org/resource/Leonid_Kizim, http://dbpedia.org/resource/Toktar_Aubakirov, http://dbpedia.org/resource/Valeri_Tokarev, http://dbpedia.org/resource/Nikolai_Budarin, http://dbpedia.org/resource/Vyacheslav_Zudov, http://dbpedia.org/resource/Oleg_Atkov, http://dbpedia.org/resource/Anatoly_Filipchenko, http://dbpedia.org/resource/Yelena_Serova, http://dbpedia.org/resource/Nikolai_Tikhonov_(cosmonaut), http://dbpedia.org/resource/Vladimir_Dezhurov, http://dbpedia.org/resource/Vladimir_Kovalyonok, http://dbpedia.org/resource/Yelena_Kondakova, http://dbpedia.org/resource/Evgeny_Tarelkin, http://dbpedia.org/resource/Gherman_Titov, http://dbpedia.org/resource/Yury_Romanenko, http://dbpedia.org/resource/Mikhail_Korniyenko, http://dbpedia.org/resource/Aleksandr_Poleshchuk, http://dbpedia.org/resource/Aleksandr_Nikolayevich_Balandin, http://dbpedia.org/resource/Andrei_Borisenko, http://dbpedia.org/resource/Yury_Artyukhin, http://dbpedia.org/resource/Valery_Rozhdestvensky, http://dbpedia.org/resource/Valery_Korzun, http://dbpedia.org/resource/Yuri_Shargin, http://dbpedia.org/resource/Vladimir_Komarov, http://dbpedia.org/resource/Leonid_Popov, http://dbpedia.org/resource/Andriyan_Nikolayev, http://dbpedia.org/resource/Vladimir_Vasyutin, http://dbpedia.org/resource/Oleg_Artemyev, http://dbpedia.org/resource/Yuri_Gidzenko, http://dbpedia.org/resource/Aleksey_Ovchinin, http://dbpedia.org/resource/Aleksei_Gubarev, http://dbpedia.org/resource/Igor_Volk, http://dbpedia.org/resource/Valentin_Filatyev, http://dbpedia.org/resource/Sergei_Treshchov, http://dbpedia.org/resource/Nikolay_Rukavishnikov, http://dbpedia.org/resource/Sergei_Revin, http://dbpedia.org/resource/Pyotr_Klimuk, http://dbpedia.org/resource/Yevgeny_Khrunov, http://dbpedia.org/resource/Anatoly_Berezovoy, http://dbpedia.org/resource/Sergey_Ryazansky, http://dbpedia.org/resource/Aleksandr_Aleksandrovich_Skvortsov, http://dbpedia.org/resource/Aleksandr_Kaleri, http://dbpedia.org/resource/Anatoli_Ivanishin, http://dbpedia.org/resource/Aleksandr_Lazutkin, http://dbpedia.org/resource/Viktor_Gorbatko, http://dbpedia.org/resource/Aleksandr_Samokutyayev, http://dbpedia.org/resource/Viktor_Afanasyev_(cosmonaut), http://dbpedia.org/resource/Vladimir_Aksyonov, http://dbpedia.org/resource/Georgy_Dobrovolsky, http://dbpedia.org/resource/Aleksandr_Viktorenko, http://dbpedia.org/resource/Oleg_Kononenko, http://dbpedia.org/resource/Valery_Ryumin, http://dbpedia.org/resource/Vladimir_Solovyov_(cosmonaut), http://dbpedia.org/resource/Anatoli_Levchenko, http://dbpedia.org/resource/Mars_Rafikov, http://dbpedia.org/resource/Valeri_Kubasov, http://dbpedia.org/resource/Maksim_Surayev, http://dbpedia.org/resource/Anna_Kikina, http://dbpedia.org/resource/Boris_Morukov, http://dbpedia.org/resource/Pavel_Vinogradov, http://dbpedia.org/resource/Vasily_Tsibliyev, http://dbpedia.org/resource/Vladimir_Shatalov, http://dbpedia.org/resource/Anton_Shkaplerov, http://dbpedia.org/resource/Viktor_Savinykh, http://dbpedia.org/resource/Valery_Bykovsky, http://dbpedia.org/resource/Alexander_Misurkin, http://dbpedia.org/resource/Oleg_Kotov, http://dbpedia.org/resource/Yuri_Malenchenko, http://dbpedia.org/resource/Aleksandr_Ivanchenkov, http://dbpedia.org/resource/Aleksandr_Aleksandrovich_Volkov, http://dbpedia.org/resource/Yury_Vasilyevich_Malyshev, http://dbpedia.org/resource/Konstantin_Valkov, http://dbpedia.org/resource/Vladimir_Georgiyevich_Titov, http://dbpedia.org/resource/Fyodor_Yurchikhin, http://dbpedia.org/resource/Vladimir_Dzhanibekov, http://dbpedia.org/resource/Gennadi_Sarafanov, http://dbpedia.org/resource/Valentina_Tereshkova, http://dbpedia.org/resource/Yury_Glazkov, http://dbpedia.org/resource/Vladislav_Volkov, http://dbpedia.org/resource/Gennadi_Manakov, http://dbpedia.org/resource/Valentin_Lebedev, http://dbpedia.org/resource/Vitaly_Sevastyanov, http://dbpedia.org/resource/Georgy_Shonin, http://dbpedia.org/resource/Oleg_Grigoryevich_Makarov, http://dbpedia.org/resource/Oleg_Novitskiy, http://dbpedia.org/resource/Sergei_Krikalev, http://dbpedia.org/resource/Aleksandr_Pavlovich_Aleksandrov, http://dbpedia.org/resource/Oleg_Skripochka, http://dbpedia.org/resource/Aleksandr_Laveykin, http://dbpedia.org/resource/Sergey_Alexandrovich_Volkov, http://dbpedia.org/resource/Aleksandr_Serebrov, http://dbpedia.org/resource/Svetlana_Savitskaya, http://dbpedia.org/resource/Georgy_Grechko, http://dbpedia.org/resource/Gennadi_Strekalov, http://dbpedia.org/resource/Pavel_Popovich],"yoda":[a conspiracy theory alleging that Soviet cosmonauts entered outer space, but without their existence having been publicly],"sina":[],"hawk":[]}>
22.04.16 12:46:00 DEBUG [o.a.m.s.HAWK                  ] 29 - <org.aksw.mlqa.systems.HAWK@77f03bb1: In which country does the Ganges start?>
22.04.16 12:46:53 DEBUG [o.a.m.s.SINA                  ] 27 - <org.aksw.mlqa.systems.SINA@4bb4de6a: In which country does the Ganges start?>
22.04.16 12:46:53 DEBUG [o.a.m.s.QAKIS                 ] 31 - <org.aksw.mlqa.systems.QAKIS@7dc222ae: In which country does the Ganges start?>
22.04.16 12:46:57 DEBUG [o.a.m.s.YODA                  ] 31 - <org.aksw.mlqa.systems.YODA@fdefd3f: In which country does the Ganges start?>
22.04.16 12:47:09 DEBUG [o.a.m.e.RunProducer           ] 42 - <Just wrote: {"qakis":[http://dbpedia.org/resource/India],"answertype":"resource","goldanswers":[http://dbpedia.org/resource/India],"yoda":[Bangladesh, India],"sina":[],"hawk":[]}>
22.04.16 12:47:09 DEBUG [o.a.m.s.HAWK                  ] 29 - <org.aksw.mlqa.systems.HAWK@77f03bb1: When is the movie Worst Case Scenario going to be in cinemas in the Netherlands?>
22.04.16 12:47:59 DEBUG [o.a.m.s.SINA                  ] 27 - <org.aksw.mlqa.systems.SINA@4bb4de6a: When is the movie Worst Case Scenario going to be in cinemas in the Netherlands?>
22.04.16 12:52:59 ERROR [o.a.m.s.SINA                  ] 49 - <null>
Unexpected character (<) at position 0.
	at org.json.simple.parser.Yylex.yylex(Unknown Source)
	at org.json.simple.parser.JSONParser.nextToken(Unknown Source)
	at org.json.simple.parser.JSONParser.parse(Unknown Source)
	at org.json.simple.parser.JSONParser.parse(Unknown Source)
	at org.json.simple.parser.JSONParser.parse(Unknown Source)
	at org.aksw.mlqa.systems.SINA.search(SINA.java:36)
	at org.aksw.mlqa.experiment.RunProducer.main(RunProducer.java:39)
22.04.16 12:52:59 DEBUG [o.a.m.s.QAKIS                 ] 31 - <org.aksw.mlqa.systems.QAKIS@7dc222ae: When is the movie Worst Case Scenario going to be in cinemas in the Netherlands?>
22.04.16 12:53:18 DEBUG [o.a.m.s.YODA                  ] 31 - <org.aksw.mlqa.systems.YODA@fdefd3f: When is the movie Worst Case Scenario going to be in cinemas in the Netherlands?>
22.04.16 12:54:04 DEBUG [o.a.m.e.RunProducer           ] 42 - <Just wrote: {"qakis":[1648-01-30, 1581-07-26],"answertype":"date","goldanswers":[],"yoda":[],"sina":[],"hawk":[]}>
22.04.16 12:54:04 DEBUG [o.a.m.s.HAWK                  ] 29 - <org.aksw.mlqa.systems.HAWK@77f03bb1: Which German cities have more than 250000 inhabitants?>
22.04.16 12:54:52 DEBUG [o.a.m.s.SINA                  ] 27 - <org.aksw.mlqa.systems.SINA@4bb4de6a: Which German cities have more than 250000 inhabitants?>
22.04.16 12:56:34 DEBUG [o.a.m.s.QAKIS                 ] 31 - <org.aksw.mlqa.systems.QAKIS@7dc222ae: Which German cities have more than 250000 inhabitants?>
22.04.16 12:56:39 DEBUG [o.a.m.s.YODA                  ] 31 - <org.aksw.mlqa.systems.YODA@fdefd3f: Which German cities have more than 250000 inhabitants?>
22.04.16 12:56:54 DEBUG [o.a.m.e.RunProducer           ] 42 - <Just wrote: {"qakis":[],"answertype":"resource","goldanswers":[http://dbpedia.org/resource/Cologne, http://dbpedia.org/resource/Bochum, http://dbpedia.org/resource/Nuremberg, http://dbpedia.org/resource/Hamburg, http://dbpedia.org/resource/Hanover, http://dbpedia.org/resource/Dresden, http://dbpedia.org/resource/Essen, http://dbpedia.org/resource/Munich, http://dbpedia.org/resource/Bonn, http://dbpedia.org/resource/Mannheim, http://dbpedia.org/resource/Wuppertal, http://dbpedia.org/resource/Wiesbaden, http://dbpedia.org/resource/Karlsruhe, http://dbpedia.org/resource/Bielefeld, http://dbpedia.org/resource/Bremen, http://dbpedia.org/resource/Dortmund, http://dbpedia.org/resource/Frankfurt, http://dbpedia.org/resource/Gelsenkirchen, http://dbpedia.org/resource/Braunschweig, http://dbpedia.org/resource/Augsburg, http://dbpedia.org/resource/Aachen, http://dbpedia.org/resource/Stuttgart],"yoda":[Bonn],"sina":[],"hawk":[]}>
22.04.16 12:56:54 DEBUG [o.a.m.s.HAWK                  ] 29 - <org.aksw.mlqa.systems.HAWK@77f03bb1: Who was John F. Kennedy's vice president?>
22.04.16 12:57:50 DEBUG [o.a.m.s.SINA                  ] 27 - <org.aksw.mlqa.systems.SINA@4bb4de6a: Who was John F. Kennedy's vice president?>
22.04.16 13:00:46 DEBUG [o.a.m.s.QAKIS                 ] 31 - <org.aksw.mlqa.systems.QAKIS@7dc222ae: Who was John F. Kennedy's vice president?>
22.04.16 13:01:06 DEBUG [o.a.m.s.YODA                  ] 31 - <org.aksw.mlqa.systems.YODA@fdefd3f: Who was John F. Kennedy's vice president?>
22.04.16 13:01:43 DEBUG [o.a.m.e.RunProducer           ] 42 - <Just wrote: {"qakis":[],"answertype":"resource","goldanswers":[http://dbpedia.org/resource/Lyndon_B._Johnson],"yoda":[Richard Nixon, Lyndon B. Johnson],"sina":[],"hawk":[]}>
22.04.16 13:01:43 DEBUG [o.a.m.s.HAWK                  ] 29 - <org.aksw.mlqa.systems.HAWK@77f03bb1: Who is the mayor of Tel Aviv?>
22.04.16 13:02:35 DEBUG [o.a.m.s.SINA                  ] 27 - <org.aksw.mlqa.systems.SINA@4bb4de6a: Who is the mayor of Tel Aviv?>
22.04.16 13:02:57 INFO  [o.a.q.c.l.QALD_Loader         ] 95 - <Loading JSON file [file:/home/micha/git/qa-datasets/target/classes/QALD-6/qald-6-train-multilingual.json].>
22.04.16 13:02:57 DEBUG [o.a.m.s.HAWK                  ] 29 - <org.aksw.mlqa.systems.HAWK@77f03bb1: Give me all cosmonauts.>
22.04.16 13:03:08 INFO  [o.a.q.c.l.QALD_Loader         ] 95 - <Loading JSON file [file:/home/micha/git/qa-datasets/target/classes/QALD-6/qald-6-train-multilingual.json].>
22.04.16 13:03:09 DEBUG [o.a.m.s.HAWK                  ] 29 - <org.aksw.mlqa.systems.HAWK@77f03bb1: Give me all cosmonauts.>
22.04.16 13:03:59 DEBUG [o.a.m.s.SINA                  ] 27 - <org.aksw.mlqa.systems.SINA@4bb4de6a: Give me all cosmonauts.>
22.04.16 13:06:04 DEBUG [o.a.m.s.QAKIS                 ] 31 - <org.aksw.mlqa.systems.QAKIS@7dc222ae: Give me all cosmonauts.>
22.04.16 13:06:07 DEBUG [o.a.m.s.YODA                  ] 31 - <org.aksw.mlqa.systems.YODA@fdefd3f: Give me all cosmonauts.>
22.04.16 13:06:14 DEBUG [o.a.m.e.RunProducer           ] 43 - <Just wrote: {"qakis":[http://dbpedia.org/resource/Nordex],"answertype":"resource","goldanswers":[http://dbpedia.org/resource/Yury_Usachov, http://dbpedia.org/resource/Lev_Dyomin, http://dbpedia.org/resource/Anatoly_Solovyev, http://dbpedia.org/resource/Dmitri_Kondratyev, http://dbpedia.org/resource/Boris_Volynov, http://dbpedia.org/resource/Viktor_Patsayev, http://dbpedia.org/resource/Ivan_Anikeyev, http://dbpedia.org/resource/Sergei_Avdeyev, http://dbpedia.org/resource/Boris_Yegorov, http://dbpedia.org/resource/Sergei_Zalyotin, http://dbpedia.org/resource/Roman_Romanenko, http://dbpedia.org/resource/Yury_Lonchakov, http://dbpedia.org/resource/Gennady_Padalka, http://dbpedia.org/resource/Vitaly_Zholobov, http://dbpedia.org/resource/Yuri_Baturin, http://dbpedia.org/resource/Salizhan_Sharipov, http://dbpedia.org/resource/Anatoly_Artsebarsky, http://dbpedia.org/resource/Boris_Andreyev_(cosmonaut), http://dbpedia.org/resource/Grigori_Nelyubov, http://dbpedia.org/resource/Aleksei_Yeliseyev, http://dbpedia.org/resource/Yury_Onufriyenko, http://dbpedia.org/resource/Pavel_Belyayev, http://dbpedia.org/resource/Mikhail_Tyurin, http://dbpedia.org/resource/Talgat_Musabayev, http://dbpedia.org/resource/Vasily_Lazarev, http://dbpedia.org/resource/Leonid_Kizim, http://dbpedia.org/resource/Toktar_Aubakirov, http://dbpedia.org/resource/Valeri_Tokarev, http://dbpedia.org/resource/Nikolai_Budarin, http://dbpedia.org/resource/Vyacheslav_Zudov, http://dbpedia.org/resource/Oleg_Atkov, http://dbpedia.org/resource/Anatoly_Filipchenko, http://dbpedia.org/resource/Yelena_Serova, http://dbpedia.org/resource/Nikolai_Tikhonov_(cosmonaut), http://dbpedia.org/resource/Vladimir_Dezhurov, http://dbpedia.org/resource/Vladimir_Kovalyonok, http://dbpedia.org/resource/Yelena_Kondakova, http://dbpedia.org/resource/Evgeny_Tarelkin, http://dbpedia.org/resource/Gherman_Titov, http://dbpedia.org/resource/Yury_Romanenko, http://dbpedia.org/resource/Mikhail_Korniyenko, http://dbpedia.org/resource/Aleksandr_Poleshchuk, http://dbpedia.org/resource/Aleksandr_Nikolayevich_Balandin, http://dbpedia.org/resource/Andrei_Borisenko, http://dbpedia.org/resource/Yury_Artyukhin, http://dbpedia.org/resource/Valery_Rozhdestvensky, http://dbpedia.org/resource/Valery_Korzun, http://dbpedia.org/resource/Yuri_Shargin, http://dbpedia.org/resource/Vladimir_Komarov, http://dbpedia.org/resource/Leonid_Popov, http://dbpedia.org/resource/Andriyan_Nikolayev, http://dbpedia.org/resource/Vladimir_Vasyutin, http://dbpedia.org/resource/Oleg_Artemyev, http://dbpedia.org/resource/Yuri_Gidzenko, http://dbpedia.org/resource/Aleksey_Ovchinin, http://dbpedia.org/resource/Aleksei_Gubarev, http://dbpedia.org/resource/Igor_Volk, http://dbpedia.org/resource/Valentin_Filatyev, http://dbpedia.org/resource/Sergei_Treshchov, http://dbpedia.org/resource/Nikolay_Rukavishnikov, http://dbpedia.org/resource/Sergei_Revin, http://dbpedia.org/resource/Pyotr_Klimuk, http://dbpedia.org/resource/Yevgeny_Khrunov, http://dbpedia.org/resource/Anatoly_Berezovoy, http://dbpedia.org/resource/Sergey_Ryazansky, http://dbpedia.org/resource/Aleksandr_Aleksandrovich_Skvortsov, http://dbpedia.org/resource/Aleksandr_Kaleri, http://dbpedia.org/resource/Anatoli_Ivanishin, http://dbpedia.org/resource/Aleksandr_Lazutkin, http://dbpedia.org/resource/Viktor_Gorbatko, http://dbpedia.org/resource/Aleksandr_Samokutyayev, http://dbpedia.org/resource/Viktor_Afanasyev_(cosmonaut), http://dbpedia.org/resource/Vladimir_Aksyonov, http://dbpedia.org/resource/Georgy_Dobrovolsky, http://dbpedia.org/resource/Aleksandr_Viktorenko, http://dbpedia.org/resource/Oleg_Kononenko, http://dbpedia.org/resource/Valery_Ryumin, http://dbpedia.org/resource/Vladimir_Solovyov_(cosmonaut), http://dbpedia.org/resource/Anatoli_Levchenko, http://dbpedia.org/resource/Mars_Rafikov, http://dbpedia.org/resource/Valeri_Kubasov, http://dbpedia.org/resource/Maksim_Surayev, http://dbpedia.org/resource/Anna_Kikina, http://dbpedia.org/resource/Boris_Morukov, http://dbpedia.org/resource/Pavel_Vinogradov, http://dbpedia.org/resource/Vasily_Tsibliyev, http://dbpedia.org/resource/Vladimir_Shatalov, http://dbpedia.org/resource/Anton_Shkaplerov, http://dbpedia.org/resource/Viktor_Savinykh, http://dbpedia.org/resource/Valery_Bykovsky, http://dbpedia.org/resource/Alexander_Misurkin, http://dbpedia.org/resource/Oleg_Kotov, http://dbpedia.org/resource/Yuri_Malenchenko, http://dbpedia.org/resource/Aleksandr_Ivanchenkov, http://dbpedia.org/resource/Aleksandr_Aleksandrovich_Volkov, http://dbpedia.org/resource/Yury_Vasilyevich_Malyshev, http://dbpedia.org/resource/Konstantin_Valkov, http://dbpedia.org/resource/Vladimir_Georgiyevich_Titov, http://dbpedia.org/resource/Fyodor_Yurchikhin, http://dbpedia.org/resource/Vladimir_Dzhanibekov, http://dbpedia.org/resource/Gennadi_Sarafanov, http://dbpedia.org/resource/Valentina_Tereshkova, http://dbpedia.org/resource/Yury_Glazkov, http://dbpedia.org/resource/Vladislav_Volkov, http://dbpedia.org/resource/Gennadi_Manakov, http://dbpedia.org/resource/Valentin_Lebedev, http://dbpedia.org/resource/Vitaly_Sevastyanov, http://dbpedia.org/resource/Georgy_Shonin, http://dbpedia.org/resource/Oleg_Grigoryevich_Makarov, http://dbpedia.org/resource/Oleg_Novitskiy, http://dbpedia.org/resource/Sergei_Krikalev, http://dbpedia.org/resource/Aleksandr_Pavlovich_Aleksandrov, http://dbpedia.org/resource/Oleg_Skripochka, http://dbpedia.org/resource/Aleksandr_Laveykin, http://dbpedia.org/resource/Sergey_Alexandrovich_Volkov, http://dbpedia.org/resource/Aleksandr_Serebrov, http://dbpedia.org/resource/Svetlana_Savitskaya, http://dbpedia.org/resource/Georgy_Grechko, http://dbpedia.org/resource/Gennadi_Strekalov, http://dbpedia.org/resource/Pavel_Popovich],"yoda":[a conspiracy theory alleging that Soviet cosmonauts entered outer space, but without their existence having been publicly],"sina":[],"hawk":[]}>
22.04.16 13:06:14 DEBUG [o.a.m.s.HAWK                  ] 29 - <org.aksw.mlqa.systems.HAWK@77f03bb1: In which country does the Ganges start?>
22.04.16 13:07:04 DEBUG [o.a.m.s.SINA                  ] 27 - <org.aksw.mlqa.systems.SINA@4bb4de6a: In which country does the Ganges start?>
22.04.16 13:07:10 DEBUG [o.a.m.s.QAKIS                 ] 31 - <org.aksw.mlqa.systems.QAKIS@7dc222ae: In which country does the Ganges start?>
22.04.16 13:07:13 DEBUG [o.a.m.s.YODA                  ] 31 - <org.aksw.mlqa.systems.YODA@fdefd3f: In which country does the Ganges start?>
22.04.16 13:07:28 DEBUG [o.a.m.e.RunProducer           ] 43 - <Just wrote: {"qakis":[http://dbpedia.org/resource/India],"answertype":"resource","goldanswers":[http://dbpedia.org/resource/India],"yoda":[Bangladesh, India],"sina":[],"hawk":[]}>
22.04.16 13:07:28 DEBUG [o.a.m.s.HAWK                  ] 29 - <org.aksw.mlqa.systems.HAWK@77f03bb1: When is the movie Worst Case Scenario going to be in cinemas in the Netherlands?>
22.04.16 13:08:21 DEBUG [o.a.m.s.SINA                  ] 27 - <org.aksw.mlqa.systems.SINA@4bb4de6a: When is the movie Worst Case Scenario going to be in cinemas in the Netherlands?>
22.04.16 13:13:22 ERROR [o.a.m.s.SINA                  ] 49 - <null>
Unexpected character (<) at position 0.
	at org.json.simple.parser.Yylex.yylex(Unknown Source)
	at org.json.simple.parser.JSONParser.nextToken(Unknown Source)
	at org.json.simple.parser.JSONParser.parse(Unknown Source)
	at org.json.simple.parser.JSONParser.parse(Unknown Source)
	at org.json.simple.parser.JSONParser.parse(Unknown Source)
	at org.aksw.mlqa.systems.SINA.search(SINA.java:36)
	at org.aksw.mlqa.experiment.RunProducer.main(RunProducer.java:40)
22.04.16 13:13:22 DEBUG [o.a.m.s.QAKIS                 ] 31 - <org.aksw.mlqa.systems.QAKIS@7dc222ae: When is the movie Worst Case Scenario going to be in cinemas in the Netherlands?>
22.04.16 13:13:37 DEBUG [o.a.m.s.YODA                  ] 31 - <org.aksw.mlqa.systems.YODA@fdefd3f: When is the movie Worst Case Scenario going to be in cinemas in the Netherlands?>
22.04.16 13:14:15 DEBUG [o.a.m.e.RunProducer           ] 43 - <Just wrote: {"qakis":[1648-01-30, 1581-07-26],"answertype":"date","goldanswers":[],"yoda":[],"sina":[],"hawk":[]}>
22.04.16 13:14:15 DEBUG [o.a.m.s.HAWK                  ] 29 - <org.aksw.mlqa.systems.HAWK@77f03bb1: Which German cities have more than 250000 inhabitants?>
22.04.16 13:15:03 DEBUG [o.a.m.s.SINA                  ] 27 - <org.aksw.mlqa.systems.SINA@4bb4de6a: Which German cities have more than 250000 inhabitants?>
22.04.16 13:16:21 DEBUG [o.a.m.s.QAKIS                 ] 31 - <org.aksw.mlqa.systems.QAKIS@7dc222ae: Which German cities have more than 250000 inhabitants?>
22.04.16 13:16:24 DEBUG [o.a.m.s.YODA                  ] 31 - <org.aksw.mlqa.systems.YODA@fdefd3f: Which German cities have more than 250000 inhabitants?>
22.04.16 13:16:31 DEBUG [o.a.m.e.RunProducer           ] 43 - <Just wrote: {"qakis":[],"answertype":"resource","goldanswers":[http://dbpedia.org/resource/Cologne, http://dbpedia.org/resource/Bochum, http://dbpedia.org/resource/Nuremberg, http://dbpedia.org/resource/Hamburg, http://dbpedia.org/resource/Hanover, http://dbpedia.org/resource/Dresden, http://dbpedia.org/resource/Essen, http://dbpedia.org/resource/Munich, http://dbpedia.org/resource/Bonn, http://dbpedia.org/resource/Mannheim, http://dbpedia.org/resource/Wuppertal, http://dbpedia.org/resource/Wiesbaden, http://dbpedia.org/resource/Karlsruhe, http://dbpedia.org/resource/Bielefeld, http://dbpedia.org/resource/Bremen, http://dbpedia.org/resource/Dortmund, http://dbpedia.org/resource/Frankfurt, http://dbpedia.org/resource/Gelsenkirchen, http://dbpedia.org/resource/Braunschweig, http://dbpedia.org/resource/Augsburg, http://dbpedia.org/resource/Aachen, http://dbpedia.org/resource/Stuttgart],"yoda":[Bonn],"sina":[],"hawk":[]}>
22.04.16 13:16:31 DEBUG [o.a.m.s.HAWK                  ] 29 - <org.aksw.mlqa.systems.HAWK@77f03bb1: Who was John F. Kennedy's vice president?>
22.04.16 13:16:34 DEBUG [o.a.m.s.SINA                  ] 27 - <org.aksw.mlqa.systems.SINA@4bb4de6a: Who was John F. Kennedy's vice president?>
22.04.16 13:21:34 ERROR [o.a.m.s.SINA                  ] 49 - <null>
Unexpected character (<) at position 0.
	at org.json.simple.parser.Yylex.yylex(Unknown Source)
	at org.json.simple.parser.JSONParser.nextToken(Unknown Source)
	at org.json.simple.parser.JSONParser.parse(Unknown Source)
	at org.json.simple.parser.JSONParser.parse(Unknown Source)
	at org.json.simple.parser.JSONParser.parse(Unknown Source)
	at org.aksw.mlqa.systems.SINA.search(SINA.java:36)
	at org.aksw.mlqa.experiment.RunProducer.main(RunProducer.java:40)
22.04.16 13:21:34 DEBUG [o.a.m.s.QAKIS                 ] 31 - <org.aksw.mlqa.systems.QAKIS@7dc222ae: Who was John F. Kennedy's vice president?>
22.04.16 13:21:51 DEBUG [o.a.m.s.YODA                  ] 31 - <org.aksw.mlqa.systems.YODA@fdefd3f: Who was John F. Kennedy's vice president?>
22.04.16 13:22:15 DEBUG [o.a.m.e.RunProducer           ] 43 - <Just wrote: {"qakis":[],"answertype":"resource","goldanswers":[http://dbpedia.org/resource/Lyndon_B._Johnson],"yoda":[Richard Nixon, Lyndon B. Johnson],"sina":[],"hawk":[http://dbpedia.org/resource/University_of_Chicago]}>
22.04.16 13:22:15 DEBUG [o.a.m.s.HAWK                  ] 29 - <org.aksw.mlqa.systems.HAWK@77f03bb1: Who is the mayor of Tel Aviv?>
22.04.16 13:22:17 DEBUG [o.a.m.s.SINA                  ] 27 - <org.aksw.mlqa.systems.SINA@4bb4de6a: Who is the mayor of Tel Aviv?>
22.04.16 13:27:12 DEBUG [o.a.m.s.QAKIS                 ] 31 - <org.aksw.mlqa.systems.QAKIS@7dc222ae: Who is the mayor of Tel Aviv?>
22.04.16 13:27:16 DEBUG [o.a.m.s.YODA                  ] 31 - <org.aksw.mlqa.systems.YODA@fdefd3f: Who is the mayor of Tel Aviv?>
22.04.16 13:27:31 DEBUG [o.a.m.e.RunProducer           ] 43 - <Just wrote: {"qakis":[http://dbpedia.org/resource/Karen_Avraham, http://dbpedia.org/resource/Lucy_Aharish, http://dbpedia.org/resource/Shirley_Porter, http://dbpedia.org/resource/Amos_Mansdorf, http://dbpedia.org/resource/Julia_Glushko, http://dbpedia.org/resource/Rudolf_Kastner, http://dbpedia.org/resource/Dudi_Sela, http://dbpedia.org/resource/Jonathan_Erlich],"answertype":"resource","goldanswers":[http://dbpedia.org/resource/Ron_Huldai],"yoda":[former minister Roni Milo, Roni Milo],"sina":[],"hawk":[http://dbpedia.org/resource/Yisrael_Peled]}>
22.04.16 13:27:31 DEBUG [o.a.m.s.HAWK                  ] 29 - <org.aksw.mlqa.systems.HAWK@77f03bb1: How many students does the Free University in Amsterdam have?>
22.04.16 13:28:24 DEBUG [o.a.m.s.SINA                  ] 27 - <org.aksw.mlqa.systems.SINA@4bb4de6a: How many students does the Free University in Amsterdam have?>
22.04.16 13:32:47 DEBUG [o.a.m.s.QAKIS                 ] 31 - <org.aksw.mlqa.systems.QAKIS@7dc222ae: How many students does the Free University in Amsterdam have?>
22.04.16 13:32:59 DEBUG [o.a.m.s.YODA                  ] 31 - <org.aksw.mlqa.systems.YODA@fdefd3f: How many students does the Free University in Amsterdam have?>
22.04.16 13:33:16 DEBUG [o.a.m.e.RunProducer           ] 43 - <Just wrote: {"qakis":[http://dbpedia.org/resource/Hotelschool_The_Hague],"answertype":"number","goldanswers":[24500],"yoda":[the growing number of students and the university, Vrije Universiteit Amsterdam, about 24,500 registered students, 550 students],"sina":[],"hawk":[]}>
22.04.16 13:33:16 DEBUG [o.a.m.s.HAWK                  ] 29 - <org.aksw.mlqa.systems.HAWK@77f03bb1: What is the second highest mountain on Earth?>
22.04.16 13:34:10 DEBUG [o.a.m.s.SINA                  ] 27 - <org.aksw.mlqa.systems.SINA@4bb4de6a: What is the second highest mountain on Earth?>
22.04.16 13:39:10 ERROR [o.a.m.s.SINA                  ] 49 - <null>
Unexpected character (<) at position 0.
	at org.json.simple.parser.Yylex.yylex(Unknown Source)
	at org.json.simple.parser.JSONParser.nextToken(Unknown Source)
	at org.json.simple.parser.JSONParser.parse(Unknown Source)
	at org.json.simple.parser.JSONParser.parse(Unknown Source)
	at org.json.simple.parser.JSONParser.parse(Unknown Source)
	at org.aksw.mlqa.systems.SINA.search(SINA.java:36)
	at org.aksw.mlqa.experiment.RunProducer.main(RunProducer.java:40)
22.04.16 13:39:10 DEBUG [o.a.m.s.QAKIS                 ] 31 - <org.aksw.mlqa.systems.QAKIS@7dc222ae: What is the second highest mountain on Earth?>
22.04.16 13:39:15 DEBUG [o.a.m.s.YODA                  ] 31 - <org.aksw.mlqa.systems.YODA@fdefd3f: What is the second highest mountain on Earth?>
22.04.16 13:39:30 DEBUG [o.a.m.e.RunProducer           ] 43 - <Just wrote: {"qakis":[http://dbpedia.org/resource/United_States],"answertype":"resource","goldanswers":[http://dbpedia.org/resource/K2],"yoda":[K2],"sina":[],"hawk":[]}>
22.04.16 13:39:30 DEBUG [o.a.m.s.HAWK                  ] 29 - <org.aksw.mlqa.systems.HAWK@77f03bb1: Give me all professional skateboarders from Sweden.>
22.04.16 13:39:45 DEBUG [o.a.m.s.SINA                  ] 27 - <org.aksw.mlqa.systems.SINA@4bb4de6a: Give me all professional skateboarders from Sweden.>
22.04.16 13:44:10 DEBUG [o.a.m.s.QAKIS                 ] 31 - <org.aksw.mlqa.systems.QAKIS@7dc222ae: Give me all professional skateboarders from Sweden.>
22.04.16 13:44:16 DEBUG [o.a.m.s.YODA                  ] 31 - <org.aksw.mlqa.systems.YODA@fdefd3f: Give me all professional skateboarders from Sweden.>
22.04.16 13:44:36 DEBUG [o.a.m.e.RunProducer           ] 43 - <Just wrote: {"qakis":[http://dbpedia.org/resource/Combat_18, http://dbpedia.org/resource/Nordea, http://dbpedia.org/resource/Jumbohostel, http://dbpedia.org/resource/SSAB, http://dbpedia.org/resource/Atlas_Copco, http://dbpedia.org/resource/Skanska, http://dbpedia.org/resource/1978_Swedish_Grand_Prix, http://dbpedia.org/resource/Skandinaviska_Enskilda_Banken, http://dbpedia.org/resource/OMX, http://dbpedia.org/resource/Scania_AB, http://dbpedia.org/resource/Wallander_%28British_TV_series%29, http://dbpedia.org/resource/Ascom_%28company%29, http://dbpedia.org/resource/Volvo_Cars, http://dbpedia.org/resource/Hutchison_3G, http://dbpedia.org/resource/M%C3%A4laren, http://dbpedia.org/resource/Vattenfall, http://dbpedia.org/resource/SKF, http://dbpedia.org/resource/Stockholm_International_Film_Festival, http://dbpedia.org/resource/Stockholm_City_Museum, http://dbpedia.org/resource/Ericsson],"answertype":"resource","goldanswers":[http://dbpedia.org/resource/Ali_Boulala, http://dbpedia.org/resource/Tony_Magnusson],"yoda":[Eric Koston],"sina":[],"hawk":[http://dbpedia.org/resource/Look_Sharp!_(Roxette_album)]}>
22.04.16 13:44:36 DEBUG [o.a.m.s.HAWK                  ] 29 - <org.aksw.mlqa.systems.HAWK@77f03bb1: When was Alberta admitted as province?>
22.04.16 13:45:29 DEBUG [o.a.m.s.SINA                  ] 27 - <org.aksw.mlqa.systems.SINA@4bb4de6a: When was Alberta admitted as province?>
22.04.16 13:47:16 DEBUG [o.a.m.s.QAKIS                 ] 31 - <org.aksw.mlqa.systems.QAKIS@7dc222ae: When was Alberta admitted as province?>
22.04.16 13:47:22 DEBUG [o.a.m.s.YODA                  ] 31 - <org.aksw.mlqa.systems.YODA@fdefd3f: When was Alberta admitted as province?>
22.04.16 13:47:48 DEBUG [o.a.m.e.RunProducer           ] 43 - <Just wrote: {"qakis":[http://dbpedia.org/resource/University_of_Alberta, http://dbpedia.org/resource/University_of_Alberta_Faculty_of_Law, http://dbpedia.org/resource/Salisbury_Composite_High_School, http://dbpedia.org/resource/National_Sport_School_%28Canada%29, http://dbpedia.org/resource/Banff_Centre, http://dbpedia.org/resource/Athabasca_University, http://dbpedia.org/resource/Ambrose_University_College, http://dbpedia.org/resource/Grant_MacEwan_University, http://dbpedia.org/resource/Alternative_High_School_%28Calgary%29, http://dbpedia.org/resource/Calgary_Science_School, http://dbpedia.org/resource/Victoria_School_of_Performing_and_Visual_Arts, http://dbpedia.org/resource/Ross_Sheppard_High_School, http://dbpedia.org/resource/Strathcona-Tweedsmuir_School, http://dbpedia.org/resource/NorQuest_College, http://dbpedia.org/resource/Mount_Royal_University, http://dbpedia.org/resource/Olds_College, http://dbpedia.org/resource/Millwoods_Christian_School, http://dbpedia.org/resource/Lord_Beaverbrook_High_School, http://dbpedia.org/resource/Jasper_Place_Composite_High_School, http://dbpedia.org/resource/Taylor_College_and_Seminary],"answertype":"date","goldanswers":[1905-09-01],"yoda":[1905],"sina":[],"hawk":[]}>
22.04.16 13:47:48 DEBUG [o.a.m.s.HAWK                  ] 29 - <org.aksw.mlqa.systems.HAWK@77f03bb1: To which countries does the Himalayan mountain system extend?>
22.04.16 13:47:54 DEBUG [o.a.m.s.SINA                  ] 27 - <org.aksw.mlqa.systems.SINA@4bb4de6a: To which countries does the Himalayan mountain system extend?>
